<?xml version='1.0' encoding='UTF-8' ?>
<testsuite name="com.example.tablemeets.AuthenticationHelperTest" tests="5" failures="1" errors="0" skipped="0" time="2.7" timestamp="2024-05-15T17:02:32" hostname="localhost">
  <properties>
    <property name="device" value="Pixel_7_API_26(AVD) - 8.0.0" />
    <property name="flavor" value="" />
    <property name="project" value=":app" />
  </properties>
  <testcase name="testIsValidEmail" classname="com.example.tablemeets.AuthenticationHelperTest" time="0.023" />
  <testcase name="testLoginUser" classname="com.example.tablemeets.AuthenticationHelperTest" time="0.084" />
  <testcase name="testRegisterUser" classname="com.example.tablemeets.AuthenticationHelperTest" time="0.032">
    <failure>java.lang.AssertionError
at org.junit.Assert.fail(Assert.java:87)
at org.junit.Assert.assertTrue(Assert.java:42)
at org.junit.Assert.assertTrue(Assert.java:53)
at com.example.tablemeets.AuthenticationHelperTest.testRegisterUser(AuthenticationHelperTest.kt:26)</failure>
  </testcase>
  <testcase name="testCheckUserExistence" classname="com.example.tablemeets.AuthenticationHelperTest" time="0.054" />
  <testcase name="testVerifyPassword" classname="com.example.tablemeets.AuthenticationHelperTest" time="0.005" />
</testsuite>